2022-01-19 11:52:49,209 - INFO - <module>: 20 - Введено кол-во бочонков - 30
2022-01-19 11:52:49,209 - INFO - <module>: 23 - Создан список от 1 до 30, с рандомным расположением чисел - [21, 20, 9, 23, 8, 22, 15, 24, 30, 25, 3, 17, 1, 27, 7, 6, 18, 12, 5, 11, 16, 10, 4, 19, 2, 29, 28, 13, 26, 14]
2022-01-19 11:52:49,210 - INFO - <module>: 26 - Вытянут бочонок с числом 21
2022-01-19 11:52:54,566 - INFO - <module>: 26 - Вытянут бочонок с числом 20
2022-01-19 11:52:55,071 - INFO - <module>: 26 - Вытянут бочонок с числом 9
2022-01-19 11:52:55,392 - INFO - <module>: 26 - Вытянут бочонок с числом 23
2022-01-19 11:52:55,701 - INFO - <module>: 26 - Вытянут бочонок с числом 8
2022-01-19 11:52:55,979 - INFO - <module>: 26 - Вытянут бочонок с числом 22
2022-01-19 11:52:56,268 - INFO - <module>: 26 - Вытянут бочонок с числом 15
2022-01-19 11:52:56,558 - INFO - <module>: 26 - Вытянут бочонок с числом 24
2022-01-19 11:52:56,851 - INFO - <module>: 26 - Вытянут бочонок с числом 30
2022-01-19 11:52:57,175 - INFO - <module>: 26 - Вытянут бочонок с числом 25
2022-01-19 11:52:57,477 - INFO - <module>: 26 - Вытянут бочонок с числом 3
2022-01-19 11:52:57,845 - INFO - <module>: 26 - Вытянут бочонок с числом 17
2022-01-19 11:52:58,189 - INFO - <module>: 26 - Вытянут бочонок с числом 1
2022-01-19 11:52:58,498 - INFO - <module>: 26 - Вытянут бочонок с числом 27
2022-01-19 11:52:58,770 - INFO - <module>: 26 - Вытянут бочонок с числом 7
2022-01-19 11:52:59,247 - INFO - <module>: 26 - Вытянут бочонок с числом 6
2022-01-19 11:52:59,669 - INFO - <module>: 26 - Вытянут бочонок с числом 18
2022-01-19 11:53:00,304 - INFO - <module>: 26 - Вытянут бочонок с числом 12
2022-01-19 11:53:00,831 - INFO - <module>: 26 - Вытянут бочонок с числом 5
2022-01-19 11:53:01,454 - INFO - <module>: 26 - Вытянут бочонок с числом 11
2022-01-19 11:53:01,977 - INFO - <module>: 26 - Вытянут бочонок с числом 16
2022-01-19 11:53:02,590 - INFO - <module>: 26 - Вытянут бочонок с числом 10
2022-01-19 11:53:02,976 - INFO - <module>: 26 - Вытянут бочонок с числом 4
2022-01-19 11:53:03,596 - INFO - <module>: 26 - Вытянут бочонок с числом 19
2022-01-19 11:53:04,236 - INFO - <module>: 26 - Вытянут бочонок с числом 2
2022-01-19 11:53:04,836 - INFO - <module>: 26 - Вытянут бочонок с числом 29
2022-01-19 11:53:05,465 - INFO - <module>: 26 - Вытянут бочонок с числом 28
2022-01-19 11:53:06,109 - INFO - <module>: 26 - Вытянут бочонок с числом 13
2022-01-19 11:53:07,690 - INFO - <module>: 26 - Вытянут бочонок с числом 26
2022-01-19 11:53:08,000 - INFO - <module>: 26 - Вытянут бочонок с числом 14
2022-01-19 11:53:08,424 - INFO - <module>: 29 - Бочонки закончились!
2022-01-19 11:53:57,840 - INFO - <module>: 20 - Введено кол-во бочонков - 5
2022-01-19 11:53:57,840 - INFO - <module>: 23 - Создан список от 1 до 5, с рандомным расположением чисел - [4, 3, 5, 2, 1]
2022-01-19 11:53:57,840 - INFO - <module>: 26 - Вытянут бочонок с числом 4
2022-01-19 11:53:58,355 - INFO - <module>: 26 - Вытянут бочонок с числом 3
2022-01-19 11:53:58,700 - INFO - <module>: 26 - Вытянут бочонок с числом 5
2022-01-19 11:53:59,039 - INFO - <module>: 26 - Вытянут бочонок с числом 2
2022-01-19 11:53:59,377 - INFO - <module>: 26 - Вытянут бочонок с числом 1
2022-01-19 11:53:59,944 - INFO - <module>: 29 - Бочонки закончились!
2022-01-19 11:54:14,943 - INFO - <module>: 20 - Введено кол-во бочонков - 10
2022-01-19 11:54:14,943 - INFO - <module>: 23 - Создан список от 1 до 10, с рандомным расположением чисел - [6, 1, 5, 9, 3, 2, 7, 8, 4, 10]
2022-01-19 11:54:14,943 - INFO - <module>: 26 - Вытянут бочонок с числом 6
2022-01-19 11:54:15,885 - INFO - <module>: 26 - Вытянут бочонок с числом 1
2022-01-19 11:54:16,178 - INFO - <module>: 26 - Вытянут бочонок с числом 5
2022-01-19 11:54:16,436 - INFO - <module>: 26 - Вытянут бочонок с числом 9
2022-01-19 11:54:16,669 - INFO - <module>: 26 - Вытянут бочонок с числом 3
2022-01-19 11:54:16,870 - INFO - <module>: 26 - Вытянут бочонок с числом 2
2022-01-19 11:54:17,090 - INFO - <module>: 26 - Вытянут бочонок с числом 7
2022-01-19 11:54:17,307 - INFO - <module>: 26 - Вытянут бочонок с числом 8
2022-01-19 11:54:17,606 - INFO - <module>: 26 - Вытянут бочонок с числом 4
2022-01-19 11:54:18,172 - INFO - <module>: 26 - Вытянут бочонок с числом 10
2022-01-19 11:54:18,776 - INFO - <module>: 29 - Бочонки закончились!

